gdt.c: In function 'write_tss':
gdt.c:40:2: warning: passing argument 1 of 'memset' from incompatible pointer type [enabled by default]
In file included from ../../../include/lib/libgeneric.h:9:0,
                 from gdt.c:1:
../../../include/lib/libc/string.h:5:16: note: expected 'unsigned int *' but argument is of type 'struct tss_entry_struct *'
gdt.c: In function 'gdt_install':
gdt.c:61:13: warning: assignment makes integer from pointer without a cast [enabled by default]
ioapic.c: In function 'ioapic_configure_irq':
ioapic.c:35:2: warning: left shift count >= width of type [enabled by default]
ioapic.c: In function 'ioapic_install':
ioapic.c:46:14: warning: assignment makes pointer from integer without a cast [enabled by default]
idt.c: In function 'idt_install':
idt.c:50:15: warning: assignment makes integer from pointer without a cast [enabled by default]
idt.c:53:35: warning: passing argument 1 of 'memset' from incompatible pointer type [enabled by default]
In file included from ../../../include/lib/libgeneric.h:9:0,
                 from idt.c:1:
../../../include/lib/libc/string.h:5:16: note: expected 'unsigned int *' but argument is of type 'struct idt_entry (*)[256]'
isrs.c: In function 'create_registers':
isrs.c:173:15: warning: assignment makes integer from pointer without a cast [enabled by default]
lapic.c: In function 'lapic_set_base':
lapic.c:35:13: warning: assignment makes pointer from integer without a cast [enabled by default]
lapic.c: In function 'lapic_get_base':
lapic.c:44:2: warning: return makes pointer from integer without a cast [enabled by default]
lapic.c: In function 'lapic_install':
lapic.c:134:2: warning: passing argument 1 of 'lapic_set_base' makes pointer from integer without a cast [enabled by default]
lapic.c:29:6: note: expected 'unsigned int *' but argument is of type 'unsigned int'
syscall.c: In function 'hal_init_syscalls':
syscall.c:25:2: warning: passing argument 2 of 'wrmsr' makes integer from pointer without a cast [enabled by default]
In file included from syscall.c:5:0:
../../../include/hal/i386/msr.h:13:6: note: expected 'unsigned int' but argument is of type 'void (*)()'
vmm.c: In function 'get_page':
vmm.c:33:3: warning: passing argument 1 of 'memset' from incompatible pointer type [enabled by default]
In file included from ../../../include/lib/libgeneric.h:9:0,
                 from vmm.c:1:
../../../include/lib/libc/string.h:5:16: note: expected 'unsigned int *' but argument is of type 'struct page_table_t *'
vmm.c: In function 'clone_table':
vmm.c:117:2: warning: passing argument 2 of 'kmalloc_ap' makes pointer from integer without a cast [enabled by default]
In file included from vmm.c:5:0:
../../../include/kernel/mm/heap.h:44:14: note: expected 'unsigned int *' but argument is of type 'unsigned int'
vmm.c:118:2: warning: passing argument 1 of 'memset' from incompatible pointer type [enabled by default]
In file included from ../../../include/lib/libgeneric.h:9:0,
                 from vmm.c:1:
../../../include/lib/libc/string.h:5:16: note: expected 'unsigned int *' but argument is of type 'struct page_table_t *'
vmm.c: In function 'clone_directory':
vmm.c:169:2: warning: passing argument 1 of 'memset' from incompatible pointer type [enabled by default]
In file included from ../../../include/lib/libgeneric.h:9:0,
                 from vmm.c:1:
../../../include/lib/libc/string.h:5:16: note: expected 'unsigned int *' but argument is of type 'struct page_directory_t *'
vmm.c:193:4: warning: passing argument 2 of 'clone_table' makes integer from pointer without a cast [enabled by default]
vmm.c:114:22: note: expected 'unsigned int' but argument is of type 'unsigned int *'
vmm.c: In function 'create_page_directory':
vmm.c:240:2: warning: passing argument 1 of 'memset' from incompatible pointer type [enabled by default]
In file included from ../../../include/lib/libgeneric.h:9:0,
                 cd asm; make CC=i586-elf
make[2]: Entering directory `/home/noahsinger/darkside/src/hal/i386/asm'
nasm -f elf -o ../../../../build-i386/halsyscall.s:8: warning: signed byte value exceeds bounds
In file included from main.c:1:0:
../../../include/kernel/init/hal.h:7:26: warning: 'struct multiboot' declared inside parameter list [enabled by default]
../../../include/kernel/init/hal.h:7:26: warning: its scope is only this definition or declaration, which is probably not what you want [enabled by default]
main.c: In function 'main':
main.c:20:28: warning: initialization from incompatible pointer type [enabled by default]
main.c:24:20: warning: assignment makes integer from pointer without a cast [enabled by default]
main.c:29:30: warning: initialization makes pointer from integer without a cast [enabled by default]
main.c:30:2: warning: passing argument 1 of 'memcpy' from incompatible pointer type [enabled by default]
In file included from ../../../include/lib/libgeneric.h:9:0,
                 from ../../../include/kernel/mm/heap.h:4,
                 from main.c:2:
../../../include/lib/libc/string.h:4:16: note: expected 'unsigned int *' but argument is of type 'unsigned char *'
main.c:30:2: warning: passing argument 2 of 'memcpy' from incompatible pointer type [enabled by default]
In file included from ../../../include/lib/libgeneric.h:9:0,
                 from ../../../include/kernel/mm/heap.h:4,
                 from main.c:2:
../../../include/lib/libc/string.h:4:16: note: expected 'const unsigned char *' but argument is of type 'struct initrd_header_t *'
main.c:31:2: warning: passing argument 1 of 'init_initrd' from incompatible pointer type [enabmake[2]: Leaving directory `/home/noahsinger/darkside/src/kernel/init'
cd ipc; make CFLAGS="-O -fno-asynchronous-unwind-tables -fstrength-reduce -fomit-frame-pointer -finline-functions -nostdinc -fno-builtin" ARCH=i386
make[2]: Entering directory `/home/noahsinger/darkside/src/kernel/ipc'
i586-elf-gcc -O -fno-asynchronous-unwind-tables -fstrength-reduce -fomit-frame-pointer -finline-functions -nostdinc -fno-builtin -I ../../../include -o ../../../build-i386/kernel/lock.o -c lock.c
i586-elf-gcc -O -fno-asynchronous-unwind-tables -fstrensemaphore.c: In function 'create_semaphore':
semaphore.c:21:2: warning: passing argument 1 of 'memset' from incompatible pointer type [enabled by defaui586-elf-gcc -O -fno-asynchronous-unwind-tables -fstrength-reduce -fomit-frame-pointer -finline-functions -nostdinc -fno-builtin -I ../../../include -o ../../../build-i386/kernel/signal.o -c signal.c
make[2]: Leaving directory `/home/noahsinger/darkside/src/kernel/ipc'
cd mm; make CFLAGS="-O -fno-asynchronous-unwind-tables -fstrength-reduce -fomit-frame-pointer -finline-functions -nostdinc -fno-builtin" ARCH=i386
make[2]: Entering directory `/home/noahsinger/darkside/src/kernel/mm'
i586-elf-gcc -O -fno-asynchronous-unwind-tables -fstrength-reduce -fomit-frame-pointer -finline-functions -nostdinc -fno-builtin -I ../../../include -o ../../../build-i386/kernel/heap.o -c heap.c
make[2]: Leaving directory `/home/noahsinger/darkside/src/kernel/mm'
cd modules; make CFLAGS="-O -fno-asynchronous-unwind-tables -fstrength-reduce -fomit-frame-pointer -finline-functions -nostdinc -fno-builtin" ARCH=i386
make[2]: Entering directory `/home/noahsinger/darkside/src/kernel/modules'
i586-elf-gcc -O -fno-asynchronous-unwind-tables -fstrength-reduce -fomit-frame-pointer -finline-functions -nostdinc -fno-builtin -I ../../../include -o ../../../build-i386/kernel/elf.o -c elf.c
i586-elf-gcc -O -fno-asynchronous-unwind-tables -fstrength-reduce -fomit-frame-pointer -finline-functions -nostdinc -fno-builtin -I ../../../include -o ../../../build-i386/kernel/elf_types.o -c elf_types.c
i586-elf-gcc -O -fno-asynchronous-unwind-tables -fstrength-reduce -fomit-frame-pointer -finline-functions -nostdinc -fno-builtin -I ../../../include -o ../../../build-i386/kernel/initrd.o -c initrd.c
make[2]: Leaving directory `/home/noahsinger/darkside/src/kernel/modules'
cd syscall; make CFLAGS="-O -fno-asynchronous-unwind-tables -fstrength-reduce -fomit-frame-pointer -finline-functions -nostdinc -fno-builtin" ARCH=i386
make[2]: Entering directory `/home/noahsinger/darkside/src/kernel/syscall'
i586-elf-gcc -O -fno-asynchronous-unwind-tables -fstrength-reduce -fomit-frame-pointer -finline-functions -nostdinc -fno-builtin -I ../../../include -o ../../../build-i386/kernel/file.o -c file.c
i586-elf-gcc -O -fno-asynchronous-unwind-tables -fstrength-reduce -fomit-frame-pointer -finline-functions -nostdinc -fno-builtin -I ../../../include -o ../../../build-i386/kernel/syscall.o -c syscall.c
make[2]: Leaving directory `/home/noahsinger/darkside/src/kernel/syscall'
cd task; make CFLAGS="-O -fno-asynchronous-unwind-tables -fstrength-reduce -fomit-frame-pointer -finline-functions -nostdinc -fno-builtin" ARCH=i386
make[2]: Entering directory `/home/noahsinger/darkside/src/kernel/task'
i586-elf-gcc -O -fno-asynchronous-unwind-tables -fstrength-reduce -fomit-frame-pointer -finline-functions -nostdinc -fno-builtin -I ../../../include -o ../../../build-i386/kernel/process.o -c process.c
i586-elf-gcc -O -fno-asynchronous-unwind-tables -fstrength-reduce -fomit-frame-pointer -finline-functions -nostdinc -fno-builtin -I ../../../include -o ../../../build-i386/kernel/task.o -c task.c
i586-elf-gcc -O -fno-asynchronous-unwind-tables -fstrength-reduce -fomit-frame-pointer -finline-functions -nostdinc -fno-builtin -I ../../../include -o ../../../build-i386/kernel/thread.o -c thread.c
make[2]: Leaving directory `/home/noahsinger/darkside/src/kernel/task'
cd vfs; make CFLAGS="-O -fno-asynchronous-unwind-tables -fstrength-reduce -fomit-frame-pointer -finline-functions -nostdinc -fno-builtin" ARCH=i386
make[2]: Entering directory `/home/noahsinger/darkside/src/kernel/vfs'
i586-elf-gcc -O -fno-asynchronous-unwind-tables -fstrength-reduce -fomit-frame-pointer -finline-functions -nostdinc -fno-builtin -I ../../../include -o ../../../build-i386/kernel/vfs.o -c vfs.c
i586-elf-gcc -O -fno-asynchronous-unwind-tables -fstrength-reduce -fomit-frame-pointer -finline-functions -nostdinc -fno-builtin -I ../../../include -o ../../../build-i386/kernel/vfs_utils.o -c vfs_utils.c
make[2]: Leaving directory `/home/noahsinger/darkside/src/kernel/vfs'
make[1]: Leaving directory `/home/noahsinger/darkside/src/kernel'
cd src/drivers/graphics/vga; make
make[1]: Entering directory `/home/noahsinger/darkside/src/drivers/graphics/vga'
i586-elf-gcc -O -fno-asynchronous-unwind-tables -fstrength-reduce -fomit-frame-pointer -finline-functions -nostdinc -fno-builtin -I../../../../include -o ../../../../build-i386/drivers/graphics/vga/vga.o -c vga.c
make[1]: Leaving directory `/home/noahsinger/darkside/src/drivers/graphics/vga'
cd src/drivers/ps2; make
make[1]: Entering directory `/home/noahsinger/darkside/src/drivers/ps2'
i586-elf-gcc -O -fno-asynchronous-unwind-tables -fstrength-reduce -fomit-frame-pointer -finline-functions -nostdinc -fno-builtin -I../../../include -L../../../lib -o ../../../build-i386/drivers/ps2/keyboard.o -c keyboard.c
i586-elf-gcc -O -fno-asynchronous-unwind-tables -fstrength-reduce -fomit-frame-pointer -finline-functions -nostdinc -fno-builtin -I../../../include -L../../../lib -o ../../../build-i386/drivers/ps2/mouse.o -c mouse.c
make[1]: Leaving directory `/home/noahsinger/darkside/src/drivers/ps2'
cd src/lib/libgeneric; make ARCH="i386" BLD_TARGET="i586-elf" CFLAGS="-O -fno-asynchronous-unwind-tables -fstrength-reduce -fomit-frame-pointer -finline-functions -nostdinc -fno-builtin"
make[1]: Entering directory `/home/noahsinger/darkside/src/lib/libgeneric'
i586-elf-gcc -O -fno-asynchronous-unwind-tables -fstrength-reduce -fomit-frame-pointer -finline-functions -nostdinc -fno-builtin -I ../../../include -o ../../../build-i386/lib/libgeneric/bit.o -c bit.c
i586-elf-gcc -O -fno-asynchronous-unwind-tables -fstrength-reduce -fomit-frame-pointer -finline-functions -nostdinc -fno-builtin -I ../../../include -o ../../../build-i386/lib/libgeneric/math.o -c math.c
i586-elf-gcc -O -fno-asynchronous-unwind-tables -fstrength-reduce -fomit-frame-pointer -finline-functions -nostdinc -fno-builtin -I ../../../include -o ../../../build-i386/lib/libgeneric/ordered_array.o -c ordered_array.c
i586-elf-gcc -O -fno-asynchronous-unwind-tables -fstrength-reduce -fomit-frame-pointer -finline-functions -nostdinc -fno-builtin -I ../../../include -o ../../../build-i386/lib/libgeneric/string.o -c string.c
cd ../../../build-i386/lib/libgeneric; i586-elf-ar rs libgeneric-i386.a bit.o math.o ordered_array.o string.o
cp ../../../build-i386/lib/libgeneric/libgeneric-i386.a ../../../lib
make[1]: Leaving directory `/home/noahsinger/darkside/src/lib/libgeneric'
i586-elf-ld -T linker.ld -o kernel-i386.elf build-i386/hal/i386/asm/*.o build-i386/hal/i386/*.o build-i386/kernel/*.o build-i386/drivers/graphics/vga/*.o build-i386/drivers/ps2/*.o -Llib -lgeneric-i386
if [  == "Darwin" ]
n 'initrd_open':
initrd.c:149:3: warning: passing argument 1 of 'memcpy' from incompatible pointer type [enabled by default]
In file included from ../../../include/lib/libgeneric.h:9:0,
                 from initrd.c:1:
../../../include/lib/libc/string.h:4:16: note: expected 'unsigned int *' but argument is of type 'struct fs_node_t *'
initrd.c:149:3: warning: passing argument 2 of 'memcpy' from incompatible pointer type [enabled by default]
In file included from ../../../include/lib/libgeneric.h:9:0,
                 from initrd.c:1:
../../../include/lib/libc/string.h:4:16: note: expected 'const unsigned char *' but argument is of type 'struct fs_node_t *'
file.c: In function 'create':
file.c:13:26: warning: assignment from incompatible pointer type [enabled by default]
file.c:27:3: warning: passing argument 1 of 'create_fs' discards 'const' qualifier from pointer target type [enabled by default]
In file included from file.c:1:0:
../../../include/kernel/vfs/vfs.h:120:12: note: expected 'unsigned char *' but argument is of type 'const char *'
file.c: In function 'open':
file.c:39:26: warning: assignment from incompatible pointer type [enabled by default]
file.c:53:3: warning: passing argument 1 of 'open_fs' discards 'const' qualifier from pointer target type [enabled by default]
In file included from file.c:1:0:
../../../include/kernel/vfs/vfs.h:121:12: note: expected 'unsigned char *' but argument is of type 'const char *'
process.c: In function 'init_processes':
process.c:31:12: warning: assignment from incompatible pointer type [enabled by default]
process.c:32:2: warning: passing argument 1 of 'memset' from incompatible pointer type [enabled by default]
In file included from ../../../include/lib/libgeneric.h:9:0,
                 from process.c:1:
../../../include/lib/libc/string.h:5:16: note: expected 'unsigned int *' but argument is of type 'volatile struct process_t **'
process.c: In function 'fork':
process.c:62:33: warning: initialization discards 'volatile' qualifier from pointer target type [enabled by default]
process.c:69:2: warning: passing argument 1 of 'memset' from incompatible pointer type [enabled by default]
In file included from ../../../include/lib/libgeneric.h:9:0,
                 from process.c:1:
../../../include/lib/libc/string.h:5:16: note: expected 'unsigned int *' but argument is of type 'struct process_t *'
process.c:72:23: warning: assignment from incompatible pointer type [enabled by default]
process.c:79:3: warning: passing argument 1 of 'memcpy' from incompatible pointer type [enabled by default]
In file included from ../../../include/lib/libgeneric.h:9:0,
                 from process.c:1:
../../../include/lib/libc/string.h:4:16: note: expected 'unsigned int *' but argument is of type 'struct thread *'
process.c:79:3: warning: passing argument 2 of 'memcpy' from incompatible pointer type [enabled by default]
In file included from ../../../include/lib/libgeneric.h:9:0,
                 from process.c:1:
../../../include/lib/libc/string.h:4:16: note: expected 'const unsigned char *' but argument is of type 'struct thread *'
process.c:83:70: warning: passing argument 1 of 'memcpy' from incompatible pointer type [enabled by default]
In file included from ../../../include/lib/libgeneric.h:9:0,
                 from process.c:1:
../../../include/lib/libc/string.h:4:16: note: expected 'unsigned int *' but argument is of type 'struct i386_regs *'
process.c:94:2: warning: passing argument 1 of 'memcpy' from incompatible pointer type [enabled by default]
In file included from ../../../include/lib/libgeneric.h:9:0,
                 from process.c:1:
../../../include/lib/libc/string.h:4:16: note: expected 'unsigned int *' but argument is of type 'void (**)(int)'
process.c:94:2: warning: passing argument 2 of 'memcpy' from incompatible pointer type [enabled by default]
In file included from ../../../include/lib/libgeneric.h:9:0,
                 from process.c:1:
../../../include/lib/libc/string.h:4:16: note: expected 'const unsigned char *' but argument is of type 'void (**)(int)'
process.c:97:22: warning: initialization from incompatible pointer type [enabled by default]
process.c:98:2: warning: passing argument 1 of 'memcpy' from incompatible pointer type [enabled by default]
In file included from ../../../include/lib/libgeneric.h:9:0,
                 from process.c:1:
../../../include/lib/libc/string.h:4:16: note: expected 'unsigned int *' but argument is of type 'struct fs_node_t **'
process.c:98:2: warning: passing argument 2 of 'memcpy' from incompatible pointer type [enabled by default]
In file included from ../../../include/lib/libgeneric.h:9:0,
                 from process.c:1:
../../../include/lib/libc/string.h:4:16: note: expected 'const unsigned char *' but argument is of type 'struct fs_node_t **'
process.c:114:3: warning: passing argument 1 of 'krealloc' from incompatible pointer type [enabled by default]
In file included from process.c:5:0:
../../../include/kernel/mm/heap.h:51:14: note: expected 'unsigned int *' but argument is of type 'struct process **'
process.c:114:35: warning: assignment from incompatible pointer type [enabled by default]
process.c: In function 'create_process':
process.c:160:2: warning: passing argument 1 of 'memset' from incompatible pointer type [enabled by default]
In file included from ../../../include/lib/libgeneric.h:9:0,
                 from process.c:1:
../../../include/lib/libc/string.h:5:16: note: expected 'unsigned int *' but argument is of type 'struct process_t *'
process.c:163:2: warning: passing argument 1 of 'memset' from incompatible pointer type [enabled by default]
In file included from ../../../include/lib/libgeneric.h:9:0,
                 from process.c:1:
../../../include/lib/libc/string.h:5:16: note: expected 'unsigned int *' but argument is of type 'struct thread **'
process.c:192:2: warning: passing argument 1 of 'memset' from incompatible pointer type [enabled by default]
In file included from ../../../include/lib/libgeneric.h:9:0,
                 from process.c:1:
../../../include/lib/libc/string.h:5:16: note: expected 'unsigned int *' but argument is of type 'void (**)(int)'
process.c:195:20: warning: assignment makes pointer from integer without a cast [enabled by default]
process.c:209:3: warning: return makes pointer from integer without a cast [enabled by default]
process.c: In function 'getprocess':
process.c:255:2: warning: return discards 'volatile' qualifier from pointer target type [enabled by default]
thread.c: In function 'init_threads':
thread.c:21:10: warning: assignment from incompatible pointer type [enabled by default]
thread.c:22:2: warning: passing argument 1 of 'memset' from incompatible pointer type [enabled by default]
In file included from ../../../include/lib/libgeneric.h:9:0,
                 from thread.c:1:
../../../include/lib/libc/string.h:5:16: note: expected 'unsigned int *' but argument is of type 'volatile struct thread_t **'
thread.c: In function 'create_thread':
thread.c:53:2: warning: passing argument 1 of 'memset' from incompatible pointer type [enabled by default]
In file included from ../../../include/lib/libgeneric.h:9:0,
                 from thread.c:1:
../../../include/lib/libc/string.h:5:16: note: expected 'unsigned int *' but argument is of type 'struct thread_t *'
vfs.c: In function 'create_fs':
vfs.c:36:2: warning: passing argument 1 of 'memset' from incompatible pointer type [enabled by default]
In file included from ../../../include/lib/libgeneric.h:9:0,
                 from vfs.c:1:
../../../include/lib/libc/string.h:5:16: note: expected 'unsigned int *' but argument is of type 'struct fs_node_t *'
vfs.c: In function 'open_fs':
vfs.c:50:26: warning: initialization makes pointer from integer without a cast [enabled by default]
vfs.c: In function 'mount_fs':
vfs.c:357:19: warning: assignment makes pointer from integer without a cast [enabled by default]
vfs.c:360:13: warning: assignment makes pointer from integer without a cast [enabled by default]
vfs.c: In function 'add_dev_node':
vfs.c:458:2: warning: passing argument 1 of 'krealloc' from incompatible pointer type [enabled by default]
In file included from vfs.c:4:0:
../../../include/kernel/mm/heap.h:51:14: note: expected 'unsigned int *' but argument is of type 'struct fs_node **'
vfs.c:458:22: warning: assignment from incompatible pointer type [enabled by default]
vfs.c: In function 'init_vfs':
vfs.c:468:2: warning: passing argument 1 of 'memset' from incompatible pointer type [enabled by default]
In file included from ../../../include/lib/libgeneric.h:9:0,
                 from vfs.c:1:
../../../include/lib/libc/string.h:5:16: note: expected 'unsigned int *' but argument is of type 'struct fs_node_t *'
vfs.c:471:2: warning: passing argument 1 of 'memset' from incompatible pointer type [enabled by default]
In file included from ../../../include/lib/libgeneric.h:9:0,
                 from vfs.c:1:
../../../include/lib/libc/string.h:5:16: note: expected 'unsigned int *' but argument is of type 'struct fs_node_t *'
vfs.c:484:2: warning: passing argument 1 of 'memset' from incompatible pointer type [enabled by default]
In file included from ../../../include/lib/libgeneric.h:9:0,
                 from vfs.c:1:
../../../include/lib/libc/string.h:5:16: note: expected 'unsigned int *' but argument is of type 'struct fs_node_t *'
vfs.c:488:14: warning: assignment from incompatible pointer type [enabled by default]
vfs.c:492:2: warning: passing argument 1 of 'memset' from incompatible pointer type [enabled by default]
In file included from ../../../include/lib/libgeneric.h:9:0,
                 from vfs.c:1:
../../../include/lib/libc/string.h:5:16: note: expected 'unsigned int *' but argument is of type 'struct fs_node_t *'
vfs.c:496:16: warning: assignment from incompatible pointer type [enabled by default]
vfs.c:500:2: warning: passing argument 1 of 'memset' from incompatible pointer type [enabled by default]
In file included from ../../../include/lib/libgeneric.h:9:0,
                 from vfs.c:1:
../../../include/lib/libc/string.h:5:16: note: expected 'unsigned int *' but argument is of type 'struct fs_node_t *'
vfs.c:504:16: warning: assignment from incompatible pointer type [enabled by default]
vfs.c:508:22: warning: assignment from incompatible pointer type [enabled by default]
vfs.c:514:19: warning: assignment makes pointer from integer without a cast [enabled by default]
vga.c: In function 'scroll':
vga.c:24:9: warning: passing argument 1 of 'memcpy' from incompatible pointer type [enabled by default]
In file included from ../../../../include/lib/libgeneric.h:9:0,
                 from vga.c:1:
../../../../include/lib/libc/string.h:4:16: note: expected 'unsigned int *' but argument is of type 'short unsigned int *'
vga.c:24:9: warning: passing argument 2 of 'memcpy' from incompatible pointer type [enabled by default]
In file included from ../../../../include/lib/libgeneric.h:9:0,
                 from vga.c:1:
../../../../include/lib/libc/string.h:4:16: note: expected 'const unsigned char *' but argument is of type 'short unsigned int *'
keyboard.c: In function 'gets':
keyboard.c:216:4: warning: passing argument 1 of 'krealloc' from incompatible pointer type [enabled by default]
In file included from keyboard.c:6:0:
../../../include/kernel/mm/heap.h:51:14: note: expected 'unsigned int *' but argument is of type 'unsigned char *'
keyboard.c:216:8: warning: assignment makes pointer from integer without a cast [enabled by default]
keyboard.c:224:2: warning: passing argument 1 of 'krealloc' from incompatible pointer type [enabled by default]
In file included from keyboard.c:6:0:
../../../include/kernel/mm/heap.h:51:14: note: expected 'unsigned int *' but argument is of type 'unsigned char *'
ordered_array.c: In function 'create_ordered_array':
ordered_array.c:13:4: warning: passing argument 1 of 'memset' from incompatible pointer type [enabled by default]
In file included from ../../../include/lib/libgeneric.h:9:0,
                 from ordered_array.c:1:
../../../include/lib/libc/string.h:5:16: note: expected 'unsigned int *' but argument is of type 'void **'
ordered_array.c: In function 'place_ordered_array':
ordered_array.c:24:4: warning: passing argument 1 of 'memset' from incompatible pointer type [enabled by default]
In file included from ../../../include/lib/libgeneric.h:9:0,
                 from ordered_array.c:1:
../../../include/lib/libc/string.h:5:16: note: expected 'unsigned int *' but argument is of type 'void **'
ordered_array.c: In function 'insert_ordered_array':
ordered_array.c:38:4: warning: division by zero [-Wdiv-by-zero]
ordered_array.c: In function 'lookup_ordered_array':
ordered_array.c:61:4: warning: division by zero [-Wdiv-by-zero]
string.c: In function 'memcpy':
string.c:9:5: warning: return from incompatible pointer type [enabled by default]
string.c: In function 'memset':
string.c:16:5: warning: return from incompatible pointer type [enabled by default]
string.c: In function 'strcpy':
string.c:46:2: warning: passing argument 1 of 'memcpy' from incompatible pointer type [enabled by default]
string.c:4:16: note: expected 'unsigned int *' but argument is of type 'unsigned char *'
string.c: In function 'strncpy':
string.c:51:2: warning: passing argument 1 of 'memcpy' from incompatible pointer type [enabled by default]
string.c:4:16: note: expected 'unsigned int *' but argument is of type 'unsigned char *'
string.c: In function 'strtok':
string.c:138:2: warning: passing argument 2 of 'strnequal' discards 'const' qualifier from pointer target type [enabled by default]
string.c:71:6: note: expected 'unsigned char *' but argument is of type 'const char *'
string.c:143:31: warning: initialization makes pointer from integer without a cast [enabled by default]
string.c:144:4: warning: passing argument 1 of 'memcpy' from incompatible pointer type [enabled by default]
string.c:4:16: note: expected 'unsigned int *' but argument is of type 'unsigned char *'
string.c:155:29: warning: initialization makes pointer from integer without a cast [enabled by default]
string.c:156:2: warning: passing argument 1 of 'memcpy' from incompatible pointer type [enabled by default]
string.c:4:16: note: expected 'unsigned int *' but argument is of type 'unsigned char *'
/bin/sh: 1: Syntax error: end of file unexpected (expecting "then")
make: *** [i386] Error 2
